<?xml version="1.0" encoding="UTF-8"?>
<!-- Generated by org.testng.reporters.JUnitReportReporter -->
<testsuite hostname="Felix" failures="0" tests="1" name="com.browserstack.run_second_test.copy.SecondTest" time="33.652" errors="0" timestamp="31 Jul 2022 03:59:46 GMT">
  <testcase classname="com.browserstack.run_second_test.copy.SecondTest" name="test" time="33.652"/>
</testsuite> <!-- com.browserstack.run_second_test.copy.SecondTest -->
